<?xml version="1.0" encoding="UTF-8"?>
<!-- Generated by org.testng.reporters.JUnitReportReporter -->
<testsuite name="test.weatherInfomation.Test_CityWeather" tests="3" time="56.712" ignored="0" failures="0" timestamp="09 Nov 2020 08:30:21 GMT" skipped="0" hostname="XE-GGN-IT-02662" errors="0">
  <testcase name="verifyCitySelecteAndWeatherInfomationDisplayed" time="26.024" classname="test.weatherInfomation.Test_CityWeather"/>
  <testcase name="verifyTempreatureDifference" time="24.897" classname="test.weatherInfomation.Test_CityWeather"/>
  <testcase name="verifySelectedCityWeatherFromApi" time="5.791" classname="test.weatherInfomation.Test_CityWeather"/>
</testsuite> <!-- test.weatherInfomation.Test_CityWeather -->
