<?xml version="1.0" encoding="UTF-8"?>
<!-- Generated by org.testng.reporters.JUnitReportReporter -->
<testsuite name="test.FlightBooking.Test_Registration" tests="4" time="28.771" ignored="0" failures="0" timestamp="02 Nov 2020 05:15:15 GMT" skipped="0" hostname="XE-GGN-IT-02662" errors="0">
  <testcase name="contactInformation" time="7.889" classname="test.FlightBooking.Test_Registration"/>
  <testcase name="mailingInformation" time="8.788" classname="test.FlightBooking.Test_Registration"/>
  <testcase name="userInformation" time="4.873" classname="test.FlightBooking.Test_Registration"/>
  <testcase name="createNewUser" time="7.221" classname="test.FlightBooking.Test_Registration"/>
</testsuite> <!-- test.FlightBooking.Test_Registration -->
