<?xml version="1.0" encoding="UTF-8"?>
<!-- Generated by org.testng.reporters.JUnitReportReporter -->
<testsuite name="test.FlightBooking.Test_CityWeather" tests="3" time="57.471" ignored="0" failures="0" timestamp="09 Nov 2020 05:19:12 GMT" skipped="0" hostname="XE-GGN-IT-02662" errors="0">
  <testcase name="verifyCitySelecteAndWeatherInfomationDisplayed" time="27.016" classname="test.FlightBooking.Test_CityWeather"/>
  <testcase name="verifyTempreatureDifference" time="25.840" classname="test.FlightBooking.Test_CityWeather"/>
  <testcase name="verifySelectedCityWeatherFromApi" time="4.615" classname="test.FlightBooking.Test_CityWeather"/>
</testsuite> <!-- test.FlightBooking.Test_CityWeather -->
