<?xml version="1.0" encoding="UTF-8"?>
<!-- Generated by org.testng.reporters.JUnitReportReporter -->
<testsuite skipped="0" hostname="XE-GGN-IT-02662" name="test.FlightBooking.Test_Registration" tests="4" failures="0" timestamp="2020-11-04T11:03:23 IST" time="30.244" errors="0">
  <testcase name="userInformation" time="6.827" classname="test.FlightBooking.Test_Registration"/>
  <system-out/>
  <testcase name="mailingInformation" time="8.313" classname="test.FlightBooking.Test_Registration"/>
  <system-out/>
  <testcase name="createNewUser" time="7.558" classname="test.FlightBooking.Test_Registration"/>
  <system-out/>
  <testcase name="contactInformation" time="7.546" classname="test.FlightBooking.Test_Registration"/>
  <system-out/>
</testsuite> <!-- test.FlightBooking.Test_Registration -->
